{
  "RSpec": {
    "coverage": {
      "/home/pavan/projects/String-Calculator/string_calculator.rb": {
        "lines": [
          null,
          null,
          null,
          null,
          null,
          null,
          null,
          null,
          null,
          1,
          null,
          null,
          null,
          null,
          null,
          1,
          8,
          null,
          7,
          7,
          null,
          7,
          null,
          5,
          null,
          null,
          1,
          null,
          null,
          null,
          null,
          null,
          1,
          7,
          1,
          1,
          1,
          null,
          6,
          null,
          null,
          null,
          null,
          null,
          null,
          null,
          1,
          7,
          7,
          null,
          2,
          null,
          null
        ]
      }
    },
    "timestamp": 1744639754
  }
}
